# JRE version: OpenJDK Runtime Environment (8.0_242-b01) (build 1.8.0_242-release-1644-b01)
# Java VM: OpenJDK 64-Bit Server VM (25.242-b01 mixed mode windows-amd64 compressed oops)
Heap:
 PSYoungGen      total 292352K, used 215070K [0x00000000d5580000, 0x00000000ec280000, 0x0000000100000000)
  eden space 244736K, 85% used [0x00000000d5580000,0x00000000e22cf528,0x00000000e4480000)
  from space 47616K, 10% used [0x00000000e4480000,0x00000000e49383a8,0x00000000e7300000)
  to   space 46080K, 0% used [0x00000000e9580000,0x00000000e9580000,0x00000000ec280000)
 ParOldGen       total 189440K, used 161577K [0x0000000080000000, 0x000000008b900000, 0x00000000d5580000)
  object space 189440K, 85% used [0x0000000080000000,0x0000000089dca450,0x000000008b900000)
 Metaspace       used 116187K, capacity 122900K, committed 123096K, reserved 1157120K
  class space    used 15034K, capacity 16277K, committed 16384K, reserved 1048576K
GC Heap History (10 events):
Event: 2802.225 GC heap before
{Heap before GC invocations=33 (full 4):
 PSYoungGen      total 223232K, used 223213K [0x00000000d5580000, 0x00000000e5d00000, 0x0000000100000000)
  eden space 196608K, 100% used [0x00000000d5580000,0x00000000e1580000,0x00000000e1580000)
  from space 26624K, 99% used [0x00000000e3680000,0x00000000e507b618,0x00000000e5080000)
  to   space 33792K, 0% used [0x00000000e1580000,0x00000000e1580000,0x00000000e3680000)
 ParOldGen       total 189440K, used 92413K [0x0000000080000000, 0x000000008b900000, 0x00000000d5580000)
  object space 189440K, 48% used [0x0000000080000000,0x0000000085a3f508,0x000000008b900000)
 Metaspace       used 108005K, capacity 114340K, committed 114520K, reserved 1148928K
  class space    used 14148K, capacity 15318K, committed 15488K, reserved 1048576K
Event: 2802.247 GC heap after
Heap after GC invocations=33 (full 4):
 PSYoungGen      total 230400K, used 3457K [0x00000000d5580000, 0x00000000e7780000, 0x0000000100000000)
  eden space 196608K, 0% used [0x00000000d5580000,0x00000000d5580000,0x00000000e1580000)
  from space 33792K, 10% used [0x00000000e1580000,0x00000000e18e0548,0x00000000e3680000)
  to   space 33792K, 0% used [0x00000000e5680000,0x00000000e5680000,0x00000000e7780000)
 ParOldGen       total 189440K, used 108372K [0x0000000080000000, 0x000000008b900000, 0x00000000d5580000)
  object space 189440K, 57% used [0x0000000080000000,0x00000000869d5208,0x000000008b900000)
 Metaspace       used 108005K, capacity 114340K, committed 114520K, reserved 1148928K
  class space    used 14148K, capacity 15318K, committed 15488K, reserved 1048576K
}
Event: 2803.584 GC heap before
{Heap before GC invocations=34 (full 4):
 PSYoungGen      total 230400K, used 200065K [0x00000000d5580000, 0x00000000e7780000, 0x0000000100000000)
  eden space 196608K, 100% used [0x00000000d5580000,0x00000000e1580000,0x00000000e1580000)
  from space 33792K, 10% used [0x00000000e1580000,0x00000000e18e0548,0x00000000e3680000)
  to   space 33792K, 0% used [0x00000000e5680000,0x00000000e5680000,0x00000000e7780000)
 ParOldGen       total 189440K, used 108372K [0x0000000080000000, 0x000000008b900000, 0x00000000d5580000)
  object space 189440K, 57% used [0x0000000080000000,0x00000000869d5208,0x000000008b900000)
 Metaspace       used 108598K, capacity 115008K, committed 115288K, reserved 1148928K
  class space    used 14152K, capacity 15324K, committed 15488K, reserved 1048576K
Event: 2803.594 GC heap after
Heap after GC invocations=34 (full 4):
 PSYoungGen      total 258048K, used 2949K [0x00000000d5580000, 0x00000000e7480000, 0x0000000100000000)
  eden space 227328K, 0% used [0x00000000d5580000,0x00000000d5580000,0x00000000e3380000)
  from space 30720K, 9% used [0x00000000e5680000,0x00000000e59616d8,0x00000000e7480000)
  to   space 33280K, 0% used [0x00000000e3380000,0x00000000e3380000,0x00000000e5400000)
 ParOldGen       total 189440K, used 110558K [0x0000000080000000, 0x000000008b900000, 0x00000000d5580000)
  object space 189440K, 58% used [0x0000000080000000,0x0000000086bf79e8,0x000000008b900000)
 Metaspace       used 108598K, capacity 115008K, committed 115288K, reserved 1148928K
  class space    used 14152K, capacity 15324K, committed 15488K, reserved 1048576K
}
Event: 2806.399 GC heap before
{Heap before GC invocations=35 (full 4):
 PSYoungGen      total 258048K, used 230277K [0x00000000d5580000, 0x00000000e7480000, 0x0000000100000000)
  eden space 227328K, 100% used [0x00000000d5580000,0x00000000e3380000,0x00000000e3380000)
  from space 30720K, 9% used [0x00000000e5680000,0x00000000e59616d8,0x00000000e7480000)
  to   space 33280K, 0% used [0x00000000e3380000,0x00000000e3380000,0x00000000e5400000)
 ParOldGen       total 189440K, used 110558K [0x0000000080000000, 0x000000008b900000, 0x00000000d5580000)
  object space 189440K, 58% used [0x0000000080000000,0x0000000086bf79e8,0x000000008b900000)
 Metaspace       used 108742K, capacity 115186K, committed 115544K, reserved 1148928K
  class space    used 14153K, capacity 15357K, committed 15488K, reserved 1048576K
Event: 2806.410 GC heap after
Heap after GC invocations=35 (full 4):
 PSYoungGen      total 260608K, used 4534K [0x00000000d5580000, 0x00000000e9300000, 0x0000000100000000)
  eden space 227328K, 0% used [0x00000000d5580000,0x00000000d5580000,0x00000000e3380000)
  from space 33280K, 13% used [0x00000000e3380000,0x00000000e37ed878,0x00000000e5400000)
  to   space 32768K, 0% used [0x00000000e7300000,0x00000000e7300000,0x00000000e9300000)
 ParOldGen       total 189440K, used 112983K [0x0000000080000000, 0x000000008b900000, 0x00000000d5580000)
  object space 189440K, 59% used [0x0000000080000000,0x0000000086e55f98,0x000000008b900000)
 Metaspace       used 108742K, capacity 115186K, committed 115544K, reserved 1148928K
  class space    used 14153K, capacity 15357K, committed 15488K, reserved 1048576K
}
Event: 2810.777 GC heap before
{Heap before GC invocations=36 (full 4):
 PSYoungGen      total 260608K, used 231427K [0x00000000d5580000, 0x00000000e9300000, 0x0000000100000000)
  eden space 227328K, 99% used [0x00000000d5580000,0x00000000e33134d0,0x00000000e3380000)
  from space 33280K, 13% used [0x00000000e3380000,0x00000000e37ed878,0x00000000e5400000)
  to   space 32768K, 0% used [0x00000000e7300000,0x00000000e7300000,0x00000000e9300000)
 ParOldGen       total 189440K, used 112983K [0x0000000080000000, 0x000000008b900000, 0x00000000d5580000)
  object space 189440K, 59% used [0x0000000080000000,0x0000000086e55f98,0x000000008b900000)
 Metaspace       used 109752K, capacity 116294K, committed 116440K, reserved 1150976K
  class space    used 14244K, capacity 15491K, committed 15616K, reserved 1048576K
Event: 2810.933 GC heap after
Heap after GC invocations=36 (full 4):
 PSYoungGen      total 277504K, used 32760K [0x00000000d5580000, 0x00000000eb680000, 0x0000000100000000)
  eden space 244736K, 0% used [0x00000000d5580000,0x00000000d5580000,0x00000000e4480000)
  from space 32768K, 99% used [0x00000000e7300000,0x00000000e92fe3a0,0x00000000e9300000)
  to   space 47616K, 0% used [0x00000000e4480000,0x00000000e4480000,0x00000000e7300000)
 ParOldGen       total 189440K, used 137346K [0x0000000080000000, 0x000000008b900000, 0x00000000d5580000)
  object space 189440K, 72% used [0x0000000080000000,0x0000000088620be8,0x000000008b900000)
 Metaspace       used 109752K, capacity 116294K, committed 116440K, reserved 1150976K
  class space    used 14244K, capacity 15491K, committed 15616K, reserved 1048576K
}
Event: 2837.449 GC heap before
{Heap before GC invocations=37 (full 4):
 PSYoungGen      total 277504K, used 277496K [0x00000000d5580000, 0x00000000eb680000, 0x0000000100000000)
  eden space 244736K, 100% used [0x00000000d5580000,0x00000000e4480000,0x00000000e4480000)
  from space 32768K, 99% used [0x00000000e7300000,0x00000000e92fe3a0,0x00000000e9300000)
  to   space 47616K, 0% used [0x00000000e4480000,0x00000000e4480000,0x00000000e7300000)
 ParOldGen       total 189440K, used 137346K [0x0000000080000000, 0x000000008b900000, 0x00000000d5580000)
  object space 189440K, 72% used [0x0000000080000000,0x0000000088620be8,0x000000008b900000)
 Metaspace       used 110541K, capacity 117144K, committed 117336K, reserved 1150976K
  class space    used 14316K, capacity 15558K, committed 15744K, reserved 1048576K
Event: 2838.318 GC heap after
Heap after GC invocations=37 (full 4):
 PSYoungGen      total 292352K, used 4832K [0x00000000d5580000, 0x00000000ec280000, 0x0000000100000000)
  eden space 244736K, 0% used [0x00000000d5580000,0x00000000d5580000,0x00000000e4480000)
  from space 47616K, 10% used [0x00000000e4480000,0x00000000e49383a8,0x00000000e7300000)
  to   space 46080K, 0% used [0x00000000e9580000,0x00000000e9580000,0x00000000ec280000)
 ParOldGen       total 189440K, used 161577K [0x0000000080000000, 0x000000008b900000, 0x00000000d5580000)
  object space 189440K, 85% used [0x0000000080000000,0x0000000089dca450,0x000000008b900000)
 Metaspace       used 110541K, capacity 117144K, committed 117336K, reserved 1150976K
  class space    used 14316K, capacity 15558K, committed 15744K, reserved 1048576K
}

